Determining if the pthread_create exist failed with the following output:
Change Dir: /home/cc/ee106a/fa19/class/ee106a-agh/ros_workspaces/project/build/CMakeFiles/CMakeTmp

Run Build Command:"/usr/bin/make" "cmTC_1d30c/fast"
/usr/bin/make -f CMakeFiles/cmTC_1d30c.dir/build.make CMakeFiles/cmTC_1d30c.dir/build
make[1]: Entering directory '/home/cc/ee106a/fa19/class/ee106a-agh/ros_workspaces/project/build/CMakeFiles/CMakeTmp'
Building C object CMakeFiles/cmTC_1d30c.dir/CheckSymbolExists.c.o
/usr/bin/cc     -o CMakeFiles/cmTC_1d30c.dir/CheckSymbolExists.c.o   -c /home/cc/ee106a/fa19/class/ee106a-agh/ros_workspaces/project/build/CMakeFiles/CMakeTmp/CheckSymbolExists.c
Linking C executable cmTC_1d30c
/usr/bin/cmake -E cmake_link_script CMakeFiles/cmTC_1d30c.dir/link.txt --verbose=1
/usr/bin/cc       CMakeFiles/cmTC_1d30c.dir/CheckSymbolExists.c.o  -o cmTC_1d30c -rdynamic 
CMakeFiles/cmTC_1d30c.dir/CheckSymbolExists.c.o: In function `main':
CheckSymbolExists.c:(.text+0x16): undefined reference to `pthread_create'
collect2: error: ld returned 1 exit status
CMakeFiles/cmTC_1d30c.dir/build.make:97: recipe for target 'cmTC_1d30c' failed
make[1]: *** [cmTC_1d30c] Error 1
make[1]: Leaving directory '/home/cc/ee106a/fa19/class/ee106a-agh/ros_workspaces/project/build/CMakeFiles/CMakeTmp'
Makefile:126: recipe for target 'cmTC_1d30c/fast' failed
make: *** [cmTC_1d30c/fast] Error 2

File /home/cc/ee106a/fa19/class/ee106a-agh/ros_workspaces/project/build/CMakeFiles/CMakeTmp/CheckSymbolExists.c:
/* */
#include <pthread.h>

int main(int argc, char** argv)
{
  (void)argv;
#ifndef pthread_create
  return ((int*)(&pthread_create))[argc];
#else
  (void)argc;
  return 0;
#endif
}

Determining if the function pthread_create exists in the pthreads failed with the following output:
Change Dir: /home/cc/ee106a/fa19/class/ee106a-agh/ros_workspaces/project/build/CMakeFiles/CMakeTmp

Run Build Command:"/usr/bin/make" "cmTC_5a6e3/fast"
/usr/bin/make -f CMakeFiles/cmTC_5a6e3.dir/build.make CMakeFiles/cmTC_5a6e3.dir/build
make[1]: Entering directory '/home/cc/ee106a/fa19/class/ee106a-agh/ros_workspaces/project/build/CMakeFiles/CMakeTmp'
Building C object CMakeFiles/cmTC_5a6e3.dir/CheckFunctionExists.c.o
/usr/bin/cc    -DCHECK_FUNCTION_EXISTS=pthread_create   -o CMakeFiles/cmTC_5a6e3.dir/CheckFunctionExists.c.o   -c /usr/share/cmake-3.5/Modules/CheckFunctionExists.c
Linking C executable cmTC_5a6e3
/usr/bin/cmake -E cmake_link_script CMakeFiles/cmTC_5a6e3.dir/link.txt --verbose=1
/usr/bin/cc   -DCHECK_FUNCTION_EXISTS=pthread_create    CMakeFiles/cmTC_5a6e3.dir/CheckFunctionExists.c.o  -o cmTC_5a6e3 -rdynamic -lpthreads 
/usr/bin/ld: cannot find -lpthreads
collect2: error: ld returned 1 exit status
CMakeFiles/cmTC_5a6e3.dir/build.make:97: recipe for target 'cmTC_5a6e3' failed
make[1]: *** [cmTC_5a6e3] Error 1
make[1]: Leaving directory '/home/cc/ee106a/fa19/class/ee106a-agh/ros_workspaces/project/build/CMakeFiles/CMakeTmp'
Makefile:126: recipe for target 'cmTC_5a6e3/fast' failed
make: *** [cmTC_5a6e3/fast] Error 2


